#-----------------------------------------------------------
# Vivado v2017.4 (64-bit)
# SW Build 2086221 on Fri Dec 15 20:55:39 MST 2017
# IP Build 2085800 on Fri Dec 15 22:25:07 MST 2017
# Start of session at: Mon Jan 21 17:08:51 2019
# Process ID: 3160
# Current directory: C:/Progh/VGA_HD_wekend_smly
# Command line: vivado.exe -gui_launcher_event rodinguilauncherevent9116 C:\Progh\VGA_HD_wekend_smly\VGA_HD.xpr
# Log file: C:/Progh/VGA_HD_wekend_smly/vivado.log
# Journal file: C:/Progh/VGA_HD_wekend_smly\vivado.jou
#-----------------------------------------------------------
start_gui
open_project C:/Progh/VGA_HD_wekend_smly/VGA_HD.xpr
Scanning sources...
Finished scanning sources
INFO: [IP_Flow 19-234] Refreshing IP repositories
INFO: [IP_Flow 19-1704] No user IP repositories specified
INFO: [IP_Flow 19-2313] Loaded Vivado IP repository 'C:/Xilinx/Vivado/2017.4/data/ip'.
open_project: Time (s): cpu = 00:00:16 ; elapsed = 00:00:06 . Memory (MB): peak = 874.582 ; gain = 162.637
update_compile_order -fileset sources_1
exit
INFO: [Common 17-206] Exiting Vivado at Mon Jan 21 17:20:39 2019...
